\BOOKMARK [1][-]{Doc-Start}{Index of Abbreviations}{}% 1
\BOOKMARK [1][-]{table.0.1}{Index of Tables}{}% 2
\BOOKMARK [1][-]{table.0.1}{Index of Illustrations}{}% 3
\BOOKMARK [1][-]{section.1}{Introduction}{}% 4
\BOOKMARK [2][-]{subsection.1.1}{Research Problem}{section.1}% 5
\BOOKMARK [2][-]{subsection.1.2}{Objectives of this Thesis}{section.1}% 6
\BOOKMARK [1][-]{section.2}{The ePill System}{}% 7
\BOOKMARK [2][-]{subsection.2.1}{The System in general}{section.2}% 8
\BOOKMARK [2][-]{subsection.2.2}{The Web Application}{section.2}% 9
\BOOKMARK [1][-]{section.3}{What is mHealth?}{}% 10
\BOOKMARK [2][-]{subsection.3.1}{Definition}{section.3}% 11
\BOOKMARK [2][-]{subsection.3.2}{mHealth App Categories}{section.3}% 12
\BOOKMARK [2][-]{subsection.3.3}{Classification of the ePill Web Application}{section.3}% 13
\BOOKMARK [2][-]{subsection.3.4}{Why is a special Focus on mHealth Apps warranted?}{section.3}% 14
\BOOKMARK [1][-]{section.4}{The Development of the mobile Client}{}% 15
\BOOKMARK [2][-]{subsection.4.1}{Preconditions}{section.4}% 16
\BOOKMARK [3][-]{subsubsection.4.1.1}{Norms for mobile Apps}{subsection.4.1}% 17
\BOOKMARK [3][-]{subsubsection.4.1.2}{Best Practices}{subsection.4.1}% 18
\BOOKMARK [3][-]{subsubsection.4.1.3}{Internal requirements}{subsection.4.1}% 19
\BOOKMARK [2][-]{subsection.4.2}{Analysis}{section.4}% 20
\BOOKMARK [3][-]{subsubsection.4.2.1}{Assignment of a mHealth App Category}{subsection.4.2}% 21
\BOOKMARK [3][-]{subsubsection.4.2.2}{The different Operation Systems}{subsection.4.2}% 22
\BOOKMARK [3][-]{subsubsection.4.2.3}{Possible Frameworks and Technologies}{subsection.4.2}% 23
\BOOKMARK [3][-]{subsubsection.4.2.4}{The Choice for Vaadin and TouchKit}{subsection.4.2}% 24
\BOOKMARK [2][-]{subsection.4.3}{The Planning Process}{section.4}% 25
\BOOKMARK [2][-]{subsection.4.4}{The Implementation Process}{section.4}% 26
\BOOKMARK [2][-]{subsection.4.5}{Validation of the mobile Client}{section.4}% 27
\BOOKMARK [1][-]{section.5}{Lessons Learned}{}% 28
\BOOKMARK [1][-]{section.6}{Conclusion}{}% 29
\BOOKMARK [1][-]{section.6}{Bibliography}{}% 30
\BOOKMARK [1][-]{section.6}{Erkl\344rung}{}% 31
\BOOKMARK [1][-]{section.6}{Curriculum Vitae}{}% 32
